{"/Users/jaehyun/Desktop/sp/swpp-hw3-jaejae2374/src/components/Article.tsx": {"path":"/Users/jaehyun/Desktop/sp/swpp-hw3-jaejae2374/src/components/Article.tsx","statementMap":{"0":{"start":{"line":9,"column":16},"end":{"line":24,"column":1}},"1":{"start":{"line":10,"column":21},"end":{"line":10,"column":34}},"2":{"start":{"line":11,"column":4},"end":{"line":23,"column":6}},"3":{"start":{"line":16,"column":57},"end":{"line":16,"column":97}}},"fnMap":{"0":{"name":"(anonymous_0)","decl":{"start":{"line":9,"column":16},"end":{"line":9,"column":17}},"loc":{"start":{"line":9,"column":35},"end":{"line":24,"column":1}},"line":9},"1":{"name":"(anonymous_1)","decl":{"start":{"line":16,"column":49},"end":{"line":16,"column":50}},"loc":{"start":{"line":16,"column":55},"end":{"line":16,"column":99}},"line":16}},"branchMap":{},"s":{"0":0,"1":0,"2":0,"3":0},"f":{"0":0,"1":0},"b":{}}
,"/Users/jaehyun/Desktop/sp/swpp-hw3-jaejae2374/src/components/Article2.tsx": {"path":"/Users/jaehyun/Desktop/sp/swpp-hw3-jaejae2374/src/components/Article2.tsx","statementMap":{"0":{"start":{"line":10,"column":17},"end":{"line":31,"column":1}},"1":{"start":{"line":11,"column":22},"end":{"line":11,"column":45}},"2":{"start":{"line":12,"column":20},"end":{"line":17,"column":5}},"3":{"start":{"line":13,"column":8},"end":{"line":16,"column":9}},"4":{"start":{"line":14,"column":27},"end":{"line":14,"column":66}},"5":{"start":{"line":14,"column":55},"end":{"line":14,"column":65}},"6":{"start":{"line":15,"column":12},"end":{"line":15,"column":32}},"7":{"start":{"line":18,"column":4},"end":{"line":30,"column":6}}},"fnMap":{"0":{"name":"(anonymous_0)","decl":{"start":{"line":10,"column":17},"end":{"line":10,"column":18}},"loc":{"start":{"line":10,"column":36},"end":{"line":31,"column":1}},"line":10},"1":{"name":"(anonymous_1)","decl":{"start":{"line":12,"column":20},"end":{"line":12,"column":21}},"loc":{"start":{"line":12,"column":48},"end":{"line":17,"column":5}},"line":12},"2":{"name":"(anonymous_2)","decl":{"start":{"line":14,"column":48},"end":{"line":14,"column":49}},"loc":{"start":{"line":14,"column":55},"end":{"line":14,"column":65}},"line":14}},"branchMap":{"0":{"loc":{"start":{"line":13,"column":8},"end":{"line":16,"column":9}},"type":"if","locations":[{"start":{"line":13,"column":8},"end":{"line":16,"column":9}},{"start":{},"end":{}}],"line":13}},"s":{"0":0,"1":0,"2":0,"3":0,"4":0,"5":0,"6":0,"7":0},"f":{"0":0,"1":0,"2":0},"b":{"0":[0,0]}}
,"/Users/jaehyun/Desktop/sp/swpp-hw3-jaejae2374/src/components/ArticleCreate.tsx": {"path":"/Users/jaehyun/Desktop/sp/swpp-hw3-jaejae2374/src/components/ArticleCreate.tsx","statementMap":{"0":{"start":{"line":12,"column":30},"end":{"line":12,"column":50}},"1":{"start":{"line":13,"column":34},"end":{"line":13,"column":54}},"2":{"start":{"line":14,"column":28},"end":{"line":14,"column":53}},"3":{"start":{"line":15,"column":21},"end":{"line":15,"column":34}},"4":{"start":{"line":16,"column":21},"end":{"line":16,"column":47}},"5":{"start":{"line":17,"column":25},"end":{"line":17,"column":51}},"6":{"start":{"line":18,"column":22},"end":{"line":18,"column":45}},"7":{"start":{"line":19,"column":19},"end":{"line":19,"column":20}},"8":{"start":{"line":21,"column":26},"end":{"line":27,"column":5}},"9":{"start":{"line":22,"column":8},"end":{"line":26,"column":9}},"10":{"start":{"line":23,"column":12},"end":{"line":23,"column":87}},"11":{"start":{"line":25,"column":12},"end":{"line":25,"column":102}},"12":{"start":{"line":29,"column":26},"end":{"line":34,"column":5}},"13":{"start":{"line":30,"column":26},"end":{"line":30,"column":88}},"14":{"start":{"line":31,"column":21},"end":{"line":31,"column":89}},"15":{"start":{"line":32,"column":8},"end":{"line":32,"column":36}},"16":{"start":{"line":33,"column":8},"end":{"line":33,"column":49}},"17":{"start":{"line":36,"column":23},"end":{"line":53,"column":5}},"18":{"start":{"line":37,"column":8},"end":{"line":52,"column":9}},"19":{"start":{"line":38,"column":12},"end":{"line":45,"column":14}},"20":{"start":{"line":41,"column":99},"end":{"line":41,"column":127}},"21":{"start":{"line":43,"column":113},"end":{"line":43,"column":143}},"22":{"start":{"line":47,"column":12},"end":{"line":51,"column":14}},"23":{"start":{"line":55,"column":24},"end":{"line":60,"column":5}},"24":{"start":{"line":56,"column":23},"end":{"line":56,"column":66}},"25":{"start":{"line":56,"column":51},"end":{"line":56,"column":65}},"26":{"start":{"line":57,"column":8},"end":{"line":59,"column":9}},"27":{"start":{"line":58,"column":10},"end":{"line":58,"column":42}},"28":{"start":{"line":62,"column":4},"end":{"line":73,"column":5}},"29":{"start":{"line":67,"column":64},"end":{"line":67,"column":82}},"30":{"start":{"line":68,"column":62},"end":{"line":68,"column":78}},"31":{"start":{"line":70,"column":72},"end":{"line":70,"column":93}}},"fnMap":{"0":{"name":"ArticleCreate","decl":{"start":{"line":11,"column":9},"end":{"line":11,"column":22}},"loc":{"start":{"line":11,"column":25},"end":{"line":74,"column":1}},"line":11},"1":{"name":"(anonymous_1)","decl":{"start":{"line":21,"column":26},"end":{"line":21,"column":27}},"loc":{"start":{"line":21,"column":32},"end":{"line":27,"column":5}},"line":21},"2":{"name":"(anonymous_2)","decl":{"start":{"line":29,"column":26},"end":{"line":29,"column":27}},"loc":{"start":{"line":29,"column":32},"end":{"line":34,"column":5}},"line":29},"3":{"name":"(anonymous_3)","decl":{"start":{"line":36,"column":23},"end":{"line":36,"column":24}},"loc":{"start":{"line":36,"column":29},"end":{"line":53,"column":5}},"line":36},"4":{"name":"(anonymous_4)","decl":{"start":{"line":41,"column":88},"end":{"line":41,"column":89}},"loc":{"start":{"line":41,"column":99},"end":{"line":41,"column":127}},"line":41},"5":{"name":"(anonymous_5)","decl":{"start":{"line":43,"column":102},"end":{"line":43,"column":103}},"loc":{"start":{"line":43,"column":113},"end":{"line":43,"column":143}},"line":43},"6":{"name":"(anonymous_6)","decl":{"start":{"line":55,"column":24},"end":{"line":55,"column":25}},"loc":{"start":{"line":55,"column":30},"end":{"line":60,"column":5}},"line":55},"7":{"name":"(anonymous_7)","decl":{"start":{"line":56,"column":44},"end":{"line":56,"column":45}},"loc":{"start":{"line":56,"column":51},"end":{"line":56,"column":65}},"line":56},"8":{"name":"(anonymous_8)","decl":{"start":{"line":67,"column":53},"end":{"line":67,"column":54}},"loc":{"start":{"line":67,"column":64},"end":{"line":67,"column":82}},"line":67},"9":{"name":"(anonymous_9)","decl":{"start":{"line":68,"column":51},"end":{"line":68,"column":52}},"loc":{"start":{"line":68,"column":62},"end":{"line":68,"column":78}},"line":68},"10":{"name":"(anonymous_10)","decl":{"start":{"line":70,"column":61},"end":{"line":70,"column":62}},"loc":{"start":{"line":70,"column":72},"end":{"line":70,"column":93}},"line":70}},"branchMap":{"0":{"loc":{"start":{"line":22,"column":8},"end":{"line":26,"column":9}},"type":"if","locations":[{"start":{"line":22,"column":8},"end":{"line":26,"column":9}},{"start":{"line":24,"column":15},"end":{"line":26,"column":9}}],"line":22},"1":{"loc":{"start":{"line":22,"column":12},"end":{"line":22,"column":40}},"type":"binary-expr","locations":[{"start":{"line":22,"column":12},"end":{"line":22,"column":23}},{"start":{"line":22,"column":27},"end":{"line":22,"column":40}}],"line":22},"2":{"loc":{"start":{"line":37,"column":8},"end":{"line":52,"column":9}},"type":"if","locations":[{"start":{"line":37,"column":8},"end":{"line":52,"column":9}},{"start":{"line":46,"column":15},"end":{"line":52,"column":9}}],"line":37},"3":{"loc":{"start":{"line":57,"column":8},"end":{"line":59,"column":9}},"type":"if","locations":[{"start":{"line":57,"column":8},"end":{"line":59,"column":9}},{"start":{},"end":{}}],"line":57}},"s":{"0":0,"1":0,"2":0,"3":0,"4":0,"5":0,"6":0,"7":0,"8":0,"9":0,"10":0,"11":0,"12":0,"13":0,"14":0,"15":0,"16":0,"17":0,"18":0,"19":0,"20":0,"21":0,"22":0,"23":0,"24":0,"25":0,"26":0,"27":0,"28":0,"29":0,"30":0,"31":0},"f":{"0":0,"1":0,"2":0,"3":0,"4":0,"5":0,"6":0,"7":0,"8":0,"9":0,"10":0},"b":{"0":[0,0],"1":[0,0],"2":[0,0],"3":[0,0]}}
,"/Users/jaehyun/Desktop/sp/swpp-hw3-jaejae2374/src/components/ArticleDetail.tsx": {"path":"/Users/jaehyun/Desktop/sp/swpp-hw3-jaejae2374/src/components/ArticleDetail.tsx","statementMap":{"0":{"start":{"line":13,"column":21},"end":{"line":13,"column":34}},"1":{"start":{"line":14,"column":22},"end":{"line":14,"column":44}},"2":{"start":{"line":15,"column":21},"end":{"line":15,"column":47}},"3":{"start":{"line":16,"column":25},"end":{"line":16,"column":51}},"4":{"start":{"line":17,"column":22},"end":{"line":17,"column":45}},"5":{"start":{"line":18,"column":19},"end":{"line":18,"column":20}},"6":{"start":{"line":20,"column":4},"end":{"line":23,"column":20}},"7":{"start":{"line":21,"column":8},"end":{"line":21,"column":42}},"8":{"start":{"line":25,"column":23},"end":{"line":33,"column":5}},"9":{"start":{"line":26,"column":8},"end":{"line":32,"column":9}},"10":{"start":{"line":27,"column":12},"end":{"line":31,"column":14}},"11":{"start":{"line":28,"column":66},"end":{"line":28,"column":113}},"12":{"start":{"line":34,"column":25},"end":{"line":45,"column":5}},"13":{"start":{"line":35,"column":8},"end":{"line":44,"column":9}},"14":{"start":{"line":36,"column":12},"end":{"line":43,"column":14}},"15":{"start":{"line":39,"column":24},"end":{"line":39,"column":59}},"16":{"start":{"line":40,"column":24},"end":{"line":40,"column":53}},"17":{"start":{"line":47,"column":24},"end":{"line":52,"column":5}},"18":{"start":{"line":48,"column":23},"end":{"line":48,"column":66}},"19":{"start":{"line":48,"column":51},"end":{"line":48,"column":65}},"20":{"start":{"line":49,"column":8},"end":{"line":51,"column":9}},"21":{"start":{"line":50,"column":10},"end":{"line":50,"column":42}},"22":{"start":{"line":55,"column":4},"end":{"line":71,"column":6}},"23":{"start":{"line":66,"column":69},"end":{"line":66,"column":97}}},"fnMap":{"0":{"name":"ArticleDetail","decl":{"start":{"line":12,"column":9},"end":{"line":12,"column":22}},"loc":{"start":{"line":12,"column":25},"end":{"line":72,"column":1}},"line":12},"1":{"name":"(anonymous_1)","decl":{"start":{"line":20,"column":14},"end":{"line":20,"column":15}},"loc":{"start":{"line":20,"column":20},"end":{"line":23,"column":5}},"line":20},"2":{"name":"(anonymous_2)","decl":{"start":{"line":25,"column":23},"end":{"line":25,"column":24}},"loc":{"start":{"line":25,"column":29},"end":{"line":33,"column":5}},"line":25},"3":{"name":"(anonymous_3)","decl":{"start":{"line":28,"column":58},"end":{"line":28,"column":59}},"loc":{"start":{"line":28,"column":64},"end":{"line":28,"column":115}},"line":28},"4":{"name":"(anonymous_4)","decl":{"start":{"line":34,"column":25},"end":{"line":34,"column":26}},"loc":{"start":{"line":34,"column":31},"end":{"line":45,"column":5}},"line":34},"5":{"name":"(anonymous_5)","decl":{"start":{"line":38,"column":20},"end":{"line":38,"column":21}},"loc":{"start":{"line":38,"column":26},"end":{"line":40,"column":55}},"line":38},"6":{"name":"(anonymous_6)","decl":{"start":{"line":47,"column":24},"end":{"line":47,"column":25}},"loc":{"start":{"line":47,"column":30},"end":{"line":52,"column":5}},"line":47},"7":{"name":"(anonymous_7)","decl":{"start":{"line":48,"column":44},"end":{"line":48,"column":45}},"loc":{"start":{"line":48,"column":51},"end":{"line":48,"column":65}},"line":48},"8":{"name":"(anonymous_8)","decl":{"start":{"line":66,"column":61},"end":{"line":66,"column":62}},"loc":{"start":{"line":66,"column":67},"end":{"line":66,"column":99}},"line":66}},"branchMap":{"0":{"loc":{"start":{"line":26,"column":8},"end":{"line":32,"column":9}},"type":"if","locations":[{"start":{"line":26,"column":8},"end":{"line":32,"column":9}},{"start":{},"end":{}}],"line":26},"1":{"loc":{"start":{"line":35,"column":8},"end":{"line":44,"column":9}},"type":"if","locations":[{"start":{"line":35,"column":8},"end":{"line":44,"column":9}},{"start":{},"end":{}}],"line":35},"2":{"loc":{"start":{"line":49,"column":8},"end":{"line":51,"column":9}},"type":"if","locations":[{"start":{"line":49,"column":8},"end":{"line":51,"column":9}},{"start":{},"end":{}}],"line":49}},"s":{"0":0,"1":0,"2":0,"3":0,"4":0,"5":0,"6":0,"7":0,"8":0,"9":0,"10":0,"11":0,"12":0,"13":0,"14":0,"15":0,"16":0,"17":0,"18":0,"19":0,"20":0,"21":0,"22":0,"23":0},"f":{"0":0,"1":0,"2":0,"3":0,"4":0,"5":0,"6":0,"7":0,"8":0},"b":{"0":[0,0],"1":[0,0],"2":[0,0]}}
,"/Users/jaehyun/Desktop/sp/swpp-hw3-jaejae2374/src/components/ArticleList.tsx": {"path":"/Users/jaehyun/Desktop/sp/swpp-hw3-jaejae2374/src/components/ArticleList.tsx","statementMap":{"0":{"start":{"line":12,"column":21},"end":{"line":12,"column":34}},"1":{"start":{"line":13,"column":25},"end":{"line":13,"column":51}},"2":{"start":{"line":14,"column":21},"end":{"line":14,"column":47}},"3":{"start":{"line":15,"column":22},"end":{"line":15,"column":45}},"4":{"start":{"line":16,"column":19},"end":{"line":16,"column":20}},"5":{"start":{"line":18,"column":4},"end":{"line":22,"column":11}},"6":{"start":{"line":19,"column":6},"end":{"line":19,"column":32}},"7":{"start":{"line":20,"column":6},"end":{"line":20,"column":32}},"8":{"start":{"line":24,"column":24},"end":{"line":29,"column":5}},"9":{"start":{"line":25,"column":21},"end":{"line":25,"column":64}},"10":{"start":{"line":25,"column":49},"end":{"line":25,"column":63}},"11":{"start":{"line":26,"column":6},"end":{"line":28,"column":7}},"12":{"start":{"line":27,"column":8},"end":{"line":27,"column":40}},"13":{"start":{"line":31,"column":20},"end":{"line":34,"column":5}},"14":{"start":{"line":32,"column":21},"end":{"line":32,"column":60}},"15":{"start":{"line":32,"column":49},"end":{"line":32,"column":59}},"16":{"start":{"line":33,"column":6},"end":{"line":33,"column":26}},"17":{"start":{"line":36,"column":4},"end":{"line":51,"column":6}},"18":{"start":{"line":41,"column":60},"end":{"line":41,"column":95}},"19":{"start":{"line":47,"column":14},"end":{"line":47,"column":89}}},"fnMap":{"0":{"name":"ArticleList","decl":{"start":{"line":11,"column":9},"end":{"line":11,"column":20}},"loc":{"start":{"line":11,"column":23},"end":{"line":52,"column":1}},"line":11},"1":{"name":"(anonymous_1)","decl":{"start":{"line":18,"column":14},"end":{"line":18,"column":15}},"loc":{"start":{"line":18,"column":20},"end":{"line":22,"column":5}},"line":18},"2":{"name":"(anonymous_2)","decl":{"start":{"line":24,"column":24},"end":{"line":24,"column":25}},"loc":{"start":{"line":24,"column":30},"end":{"line":29,"column":5}},"line":24},"3":{"name":"(anonymous_3)","decl":{"start":{"line":25,"column":42},"end":{"line":25,"column":43}},"loc":{"start":{"line":25,"column":49},"end":{"line":25,"column":63}},"line":25},"4":{"name":"(anonymous_4)","decl":{"start":{"line":31,"column":20},"end":{"line":31,"column":21}},"loc":{"start":{"line":31,"column":36},"end":{"line":34,"column":5}},"line":31},"5":{"name":"(anonymous_5)","decl":{"start":{"line":32,"column":42},"end":{"line":32,"column":43}},"loc":{"start":{"line":32,"column":49},"end":{"line":32,"column":59}},"line":32},"6":{"name":"(anonymous_6)","decl":{"start":{"line":41,"column":52},"end":{"line":41,"column":53}},"loc":{"start":{"line":41,"column":58},"end":{"line":41,"column":97}},"line":41},"7":{"name":"(anonymous_7)","decl":{"start":{"line":46,"column":39},"end":{"line":46,"column":40}},"loc":{"start":{"line":46,"column":46},"end":{"line":48,"column":13}},"line":46}},"branchMap":{"0":{"loc":{"start":{"line":26,"column":6},"end":{"line":28,"column":7}},"type":"if","locations":[{"start":{"line":26,"column":6},"end":{"line":28,"column":7}},{"start":{},"end":{}}],"line":26}},"s":{"0":0,"1":0,"2":0,"3":0,"4":0,"5":0,"6":0,"7":0,"8":0,"9":0,"10":0,"11":0,"12":0,"13":0,"14":0,"15":0,"16":0,"17":0,"18":0,"19":0},"f":{"0":0,"1":0,"2":0,"3":0,"4":0,"5":0,"6":0,"7":0},"b":{"0":[0,0]}}
,"/Users/jaehyun/Desktop/sp/swpp-hw3-jaejae2374/src/components/ArticleUpdate.tsx": {"path":"/Users/jaehyun/Desktop/sp/swpp-hw3-jaejae2374/src/components/ArticleUpdate.tsx","statementMap":{"0":{"start":{"line":12,"column":21},"end":{"line":12,"column":34}},"1":{"start":{"line":13,"column":21},"end":{"line":13,"column":47}},"2":{"start":{"line":14,"column":22},"end":{"line":14,"column":44}},"3":{"start":{"line":15,"column":25},"end":{"line":15,"column":51}},"4":{"start":{"line":16,"column":22},"end":{"line":16,"column":45}},"5":{"start":{"line":17,"column":19},"end":{"line":17,"column":20}},"6":{"start":{"line":19,"column":4},"end":{"line":22,"column":11}},"7":{"start":{"line":20,"column":8},"end":{"line":20,"column":42}},"8":{"start":{"line":24,"column":20},"end":{"line":24,"column":22}},"9":{"start":{"line":25,"column":22},"end":{"line":25,"column":24}},"10":{"start":{"line":27,"column":4},"end":{"line":30,"column":5}},"11":{"start":{"line":28,"column":8},"end":{"line":28,"column":55}},"12":{"start":{"line":29,"column":8},"end":{"line":29,"column":60}},"13":{"start":{"line":32,"column":30},"end":{"line":32,"column":57}},"14":{"start":{"line":33,"column":34},"end":{"line":33,"column":63}},"15":{"start":{"line":34,"column":28},"end":{"line":34,"column":53}},"16":{"start":{"line":37,"column":26},"end":{"line":43,"column":5}},"17":{"start":{"line":38,"column":8},"end":{"line":42,"column":9}},"18":{"start":{"line":39,"column":12},"end":{"line":39,"column":85}},"19":{"start":{"line":41,"column":12},"end":{"line":41,"column":100}},"20":{"start":{"line":45,"column":26},"end":{"line":49,"column":5}},"21":{"start":{"line":46,"column":21},"end":{"line":46,"column":89}},"22":{"start":{"line":47,"column":8},"end":{"line":47,"column":36}},"23":{"start":{"line":48,"column":8},"end":{"line":48,"column":50}},"24":{"start":{"line":51,"column":23},"end":{"line":68,"column":5}},"25":{"start":{"line":52,"column":8},"end":{"line":67,"column":9}},"26":{"start":{"line":53,"column":12},"end":{"line":60,"column":14}},"27":{"start":{"line":56,"column":99},"end":{"line":56,"column":127}},"28":{"start":{"line":58,"column":113},"end":{"line":58,"column":143}},"29":{"start":{"line":62,"column":12},"end":{"line":66,"column":14}},"30":{"start":{"line":70,"column":23},"end":{"line":78,"column":5}},"31":{"start":{"line":71,"column":19},"end":{"line":71,"column":23}},"32":{"start":{"line":72,"column":8},"end":{"line":74,"column":9}},"33":{"start":{"line":73,"column":12},"end":{"line":73,"column":76}},"34":{"start":{"line":75,"column":8},"end":{"line":77,"column":9}},"35":{"start":{"line":76,"column":12},"end":{"line":76,"column":41}},"36":{"start":{"line":79,"column":24},"end":{"line":84,"column":7}},"37":{"start":{"line":80,"column":23},"end":{"line":80,"column":66}},"38":{"start":{"line":80,"column":51},"end":{"line":80,"column":65}},"39":{"start":{"line":81,"column":8},"end":{"line":83,"column":9}},"40":{"start":{"line":82,"column":10},"end":{"line":82,"column":42}},"41":{"start":{"line":86,"column":4},"end":{"line":97,"column":5}},"42":{"start":{"line":91,"column":64},"end":{"line":91,"column":82}},"43":{"start":{"line":92,"column":62},"end":{"line":92,"column":78}}},"fnMap":{"0":{"name":"ArticleUpdate","decl":{"start":{"line":11,"column":9},"end":{"line":11,"column":22}},"loc":{"start":{"line":11,"column":25},"end":{"line":98,"column":1}},"line":11},"1":{"name":"(anonymous_1)","decl":{"start":{"line":19,"column":14},"end":{"line":19,"column":15}},"loc":{"start":{"line":19,"column":20},"end":{"line":22,"column":5}},"line":19},"2":{"name":"(anonymous_2)","decl":{"start":{"line":37,"column":26},"end":{"line":37,"column":27}},"loc":{"start":{"line":37,"column":32},"end":{"line":43,"column":5}},"line":37},"3":{"name":"(anonymous_3)","decl":{"start":{"line":45,"column":26},"end":{"line":45,"column":27}},"loc":{"start":{"line":45,"column":32},"end":{"line":49,"column":5}},"line":45},"4":{"name":"(anonymous_4)","decl":{"start":{"line":51,"column":23},"end":{"line":51,"column":24}},"loc":{"start":{"line":51,"column":29},"end":{"line":68,"column":5}},"line":51},"5":{"name":"(anonymous_5)","decl":{"start":{"line":56,"column":88},"end":{"line":56,"column":89}},"loc":{"start":{"line":56,"column":99},"end":{"line":56,"column":127}},"line":56},"6":{"name":"(anonymous_6)","decl":{"start":{"line":58,"column":102},"end":{"line":58,"column":103}},"loc":{"start":{"line":58,"column":113},"end":{"line":58,"column":143}},"line":58},"7":{"name":"(anonymous_7)","decl":{"start":{"line":70,"column":23},"end":{"line":70,"column":24}},"loc":{"start":{"line":70,"column":29},"end":{"line":78,"column":5}},"line":70},"8":{"name":"(anonymous_8)","decl":{"start":{"line":79,"column":24},"end":{"line":79,"column":25}},"loc":{"start":{"line":79,"column":30},"end":{"line":84,"column":7}},"line":79},"9":{"name":"(anonymous_9)","decl":{"start":{"line":80,"column":44},"end":{"line":80,"column":45}},"loc":{"start":{"line":80,"column":51},"end":{"line":80,"column":65}},"line":80},"10":{"name":"(anonymous_10)","decl":{"start":{"line":91,"column":53},"end":{"line":91,"column":54}},"loc":{"start":{"line":91,"column":64},"end":{"line":91,"column":82}},"line":91},"11":{"name":"(anonymous_11)","decl":{"start":{"line":92,"column":51},"end":{"line":92,"column":52}},"loc":{"start":{"line":92,"column":62},"end":{"line":92,"column":78}},"line":92}},"branchMap":{"0":{"loc":{"start":{"line":27,"column":4},"end":{"line":30,"column":5}},"type":"if","locations":[{"start":{"line":27,"column":4},"end":{"line":30,"column":5}},{"start":{},"end":{}}],"line":27},"1":{"loc":{"start":{"line":38,"column":8},"end":{"line":42,"column":9}},"type":"if","locations":[{"start":{"line":38,"column":8},"end":{"line":42,"column":9}},{"start":{"line":40,"column":15},"end":{"line":42,"column":9}}],"line":38},"2":{"loc":{"start":{"line":38,"column":12},"end":{"line":38,"column":40}},"type":"binary-expr","locations":[{"start":{"line":38,"column":12},"end":{"line":38,"column":23}},{"start":{"line":38,"column":27},"end":{"line":38,"column":40}}],"line":38},"3":{"loc":{"start":{"line":52,"column":8},"end":{"line":67,"column":9}},"type":"if","locations":[{"start":{"line":52,"column":8},"end":{"line":67,"column":9}},{"start":{"line":61,"column":15},"end":{"line":67,"column":9}}],"line":52},"4":{"loc":{"start":{"line":72,"column":8},"end":{"line":74,"column":9}},"type":"if","locations":[{"start":{"line":72,"column":8},"end":{"line":74,"column":9}},{"start":{},"end":{}}],"line":72},"5":{"loc":{"start":{"line":72,"column":12},"end":{"line":72,"column":58}},"type":"binary-expr","locations":[{"start":{"line":72,"column":12},"end":{"line":72,"column":31}},{"start":{"line":72,"column":35},"end":{"line":72,"column":58}}],"line":72},"6":{"loc":{"start":{"line":75,"column":8},"end":{"line":77,"column":9}},"type":"if","locations":[{"start":{"line":75,"column":8},"end":{"line":77,"column":9}},{"start":{},"end":{}}],"line":75},"7":{"loc":{"start":{"line":81,"column":8},"end":{"line":83,"column":9}},"type":"if","locations":[{"start":{"line":81,"column":8},"end":{"line":83,"column":9}},{"start":{},"end":{}}],"line":81}},"s":{"0":0,"1":0,"2":0,"3":0,"4":0,"5":0,"6":0,"7":0,"8":0,"9":0,"10":0,"11":0,"12":0,"13":0,"14":0,"15":0,"16":0,"17":0,"18":0,"19":0,"20":0,"21":0,"22":0,"23":0,"24":0,"25":0,"26":0,"27":0,"28":0,"29":0,"30":0,"31":0,"32":0,"33":0,"34":0,"35":0,"36":0,"37":0,"38":0,"39":0,"40":0,"41":0,"42":0,"43":0},"f":{"0":0,"1":0,"2":0,"3":0,"4":0,"5":0,"6":0,"7":0,"8":0,"9":0,"10":0,"11":0},"b":{"0":[0,0],"1":[0,0],"2":[0,0],"3":[0,0],"4":[0,0],"5":[0,0],"6":[0,0],"7":[0,0]}}
,"/Users/jaehyun/Desktop/sp/swpp-hw3-jaejae2374/src/components/Comment.tsx": {"path":"/Users/jaehyun/Desktop/sp/swpp-hw3-jaejae2374/src/components/Comment.tsx","statementMap":{"0":{"start":{"line":12,"column":16},"end":{"line":60,"column":1}},"1":{"start":{"line":13,"column":21},"end":{"line":13,"column":47}},"2":{"start":{"line":15,"column":23},"end":{"line":25,"column":5}},"3":{"start":{"line":16,"column":8},"end":{"line":24,"column":9}},"4":{"start":{"line":17,"column":12},"end":{"line":23,"column":14}},"5":{"start":{"line":19,"column":20},"end":{"line":19,"column":47}},"6":{"start":{"line":27,"column":24},"end":{"line":32,"column":5}},"7":{"start":{"line":28,"column":28},"end":{"line":28,"column":66}},"8":{"start":{"line":29,"column":8},"end":{"line":31,"column":9}},"9":{"start":{"line":30,"column":12},"end":{"line":30,"column":72}},"10":{"start":{"line":34,"column":25},"end":{"line":46,"column":5}},"11":{"start":{"line":35,"column":8},"end":{"line":45,"column":9}},"12":{"start":{"line":36,"column":12},"end":{"line":44,"column":14}},"13":{"start":{"line":39,"column":24},"end":{"line":39,"column":58}},"14":{"start":{"line":48,"column":4},"end":{"line":59,"column":6}}},"fnMap":{"0":{"name":"(anonymous_0)","decl":{"start":{"line":12,"column":16},"end":{"line":12,"column":17}},"loc":{"start":{"line":12,"column":35},"end":{"line":60,"column":1}},"line":12},"1":{"name":"(anonymous_1)","decl":{"start":{"line":15,"column":23},"end":{"line":15,"column":24}},"loc":{"start":{"line":15,"column":29},"end":{"line":25,"column":5}},"line":15},"2":{"name":"(anonymous_2)","decl":{"start":{"line":18,"column":58},"end":{"line":18,"column":59}},"loc":{"start":{"line":18,"column":64},"end":{"line":20,"column":18}},"line":18},"3":{"name":"(anonymous_3)","decl":{"start":{"line":27,"column":24},"end":{"line":27,"column":25}},"loc":{"start":{"line":27,"column":45},"end":{"line":32,"column":5}},"line":27},"4":{"name":"(anonymous_4)","decl":{"start":{"line":34,"column":25},"end":{"line":34,"column":26}},"loc":{"start":{"line":34,"column":31},"end":{"line":46,"column":5}},"line":34},"5":{"name":"(anonymous_5)","decl":{"start":{"line":38,"column":20},"end":{"line":38,"column":21}},"loc":{"start":{"line":38,"column":26},"end":{"line":40,"column":21}},"line":38}},"branchMap":{"0":{"loc":{"start":{"line":16,"column":8},"end":{"line":24,"column":9}},"type":"if","locations":[{"start":{"line":16,"column":8},"end":{"line":24,"column":9}},{"start":{},"end":{}}],"line":16},"1":{"loc":{"start":{"line":29,"column":8},"end":{"line":31,"column":9}},"type":"if","locations":[{"start":{"line":29,"column":8},"end":{"line":31,"column":9}},{"start":{},"end":{}}],"line":29},"2":{"loc":{"start":{"line":35,"column":8},"end":{"line":45,"column":9}},"type":"if","locations":[{"start":{"line":35,"column":8},"end":{"line":45,"column":9}},{"start":{},"end":{}}],"line":35}},"s":{"0":0,"1":0,"2":0,"3":0,"4":0,"5":0,"6":0,"7":0,"8":0,"9":0,"10":0,"11":0,"12":0,"13":0,"14":0},"f":{"0":0,"1":0,"2":0,"3":0,"4":0,"5":0},"b":{"0":[0,0],"1":[0,0],"2":[0,0]}}
,"/Users/jaehyun/Desktop/sp/swpp-hw3-jaejae2374/src/components/CommentCreate.tsx": {"path":"/Users/jaehyun/Desktop/sp/swpp-hw3-jaejae2374/src/components/CommentCreate.tsx","statementMap":{"0":{"start":{"line":12,"column":34},"end":{"line":12,"column":54}},"1":{"start":{"line":13,"column":21},"end":{"line":13,"column":47}},"2":{"start":{"line":14,"column":25},"end":{"line":14,"column":51}},"3":{"start":{"line":16,"column":26},"end":{"line":22,"column":5}},"4":{"start":{"line":17,"column":8},"end":{"line":21,"column":9}},"5":{"start":{"line":18,"column":12},"end":{"line":18,"column":87}},"6":{"start":{"line":20,"column":12},"end":{"line":20,"column":102}},"7":{"start":{"line":24,"column":26},"end":{"line":29,"column":5}},"8":{"start":{"line":25,"column":26},"end":{"line":25,"column":88}},"9":{"start":{"line":26,"column":21},"end":{"line":26,"column":115}},"10":{"start":{"line":27,"column":8},"end":{"line":27,"column":36}},"11":{"start":{"line":28,"column":8},"end":{"line":28,"column":23}},"12":{"start":{"line":31,"column":4},"end":{"line":36,"column":5}},"13":{"start":{"line":33,"column":99},"end":{"line":33,"column":129}}},"fnMap":{"0":{"name":"CommentCreate","decl":{"start":{"line":11,"column":9},"end":{"line":11,"column":22}},"loc":{"start":{"line":11,"column":38},"end":{"line":37,"column":1}},"line":11},"1":{"name":"(anonymous_1)","decl":{"start":{"line":16,"column":26},"end":{"line":16,"column":27}},"loc":{"start":{"line":16,"column":32},"end":{"line":22,"column":5}},"line":16},"2":{"name":"(anonymous_2)","decl":{"start":{"line":24,"column":26},"end":{"line":24,"column":27}},"loc":{"start":{"line":24,"column":32},"end":{"line":29,"column":5}},"line":24},"3":{"name":"(anonymous_3)","decl":{"start":{"line":33,"column":88},"end":{"line":33,"column":89}},"loc":{"start":{"line":33,"column":99},"end":{"line":33,"column":129}},"line":33}},"branchMap":{"0":{"loc":{"start":{"line":17,"column":8},"end":{"line":21,"column":9}},"type":"if","locations":[{"start":{"line":17,"column":8},"end":{"line":21,"column":9}},{"start":{"line":19,"column":15},"end":{"line":21,"column":9}}],"line":17}},"s":{"0":0,"1":0,"2":0,"3":0,"4":0,"5":0,"6":0,"7":0,"8":0,"9":0,"10":0,"11":0,"12":0,"13":0},"f":{"0":0,"1":0,"2":0,"3":0},"b":{"0":[0,0]}}
,"/Users/jaehyun/Desktop/sp/swpp-hw3-jaejae2374/src/components/CommentList.tsx": {"path":"/Users/jaehyun/Desktop/sp/swpp-hw3-jaejae2374/src/components/CommentList.tsx","statementMap":{"0":{"start":{"line":13,"column":25},"end":{"line":13,"column":51}},"1":{"start":{"line":14,"column":22},"end":{"line":14,"column":45}},"2":{"start":{"line":16,"column":20},"end":{"line":19,"column":5}},"3":{"start":{"line":17,"column":21},"end":{"line":17,"column":60}},"4":{"start":{"line":17,"column":49},"end":{"line":17,"column":59}},"5":{"start":{"line":18,"column":6},"end":{"line":18,"column":26}},"6":{"start":{"line":21,"column":4},"end":{"line":33,"column":6}},"7":{"start":{"line":27,"column":16},"end":{"line":29,"column":17}},"8":{"start":{"line":28,"column":20},"end":{"line":28,"column":123}}},"fnMap":{"0":{"name":"CommentList","decl":{"start":{"line":12,"column":9},"end":{"line":12,"column":20}},"loc":{"start":{"line":12,"column":36},"end":{"line":34,"column":1}},"line":12},"1":{"name":"(anonymous_1)","decl":{"start":{"line":16,"column":20},"end":{"line":16,"column":21}},"loc":{"start":{"line":16,"column":36},"end":{"line":19,"column":5}},"line":16},"2":{"name":"(anonymous_2)","decl":{"start":{"line":17,"column":42},"end":{"line":17,"column":43}},"loc":{"start":{"line":17,"column":49},"end":{"line":17,"column":59}},"line":17},"3":{"name":"(anonymous_3)","decl":{"start":{"line":26,"column":39},"end":{"line":26,"column":40}},"loc":{"start":{"line":26,"column":46},"end":{"line":30,"column":13}},"line":26}},"branchMap":{"0":{"loc":{"start":{"line":27,"column":16},"end":{"line":29,"column":17}},"type":"if","locations":[{"start":{"line":27,"column":16},"end":{"line":29,"column":17}},{"start":{},"end":{}}],"line":27}},"s":{"0":0,"1":0,"2":0,"3":0,"4":0,"5":0,"6":0,"7":0,"8":0},"f":{"0":0,"1":0,"2":0,"3":0},"b":{"0":[0,0]}}
,"/Users/jaehyun/Desktop/sp/swpp-hw3-jaejae2374/src/components/login.tsx": {"path":"/Users/jaehyun/Desktop/sp/swpp-hw3-jaejae2374/src/components/login.tsx","statementMap":{"0":{"start":{"line":8,"column":21},"end":{"line":8,"column":34}},"1":{"start":{"line":9,"column":30},"end":{"line":9,"column":42}},"2":{"start":{"line":10,"column":36},"end":{"line":10,"column":48}},"3":{"start":{"line":11,"column":21},"end":{"line":11,"column":47}},"4":{"start":{"line":12,"column":22},"end":{"line":12,"column":45}},"5":{"start":{"line":14,"column":4},"end":{"line":17,"column":13}},"6":{"start":{"line":15,"column":8},"end":{"line":15,"column":30}},"7":{"start":{"line":19,"column":24},"end":{"line":21,"column":5}},"8":{"start":{"line":20,"column":8},"end":{"line":20,"column":33}},"9":{"start":{"line":23,"column":27},"end":{"line":25,"column":5}},"10":{"start":{"line":24,"column":8},"end":{"line":24,"column":36}},"11":{"start":{"line":27,"column":25},"end":{"line":34,"column":5}},"12":{"start":{"line":28,"column":8},"end":{"line":33,"column":9}},"13":{"start":{"line":29,"column":12},"end":{"line":29,"column":117}},"14":{"start":{"line":30,"column":12},"end":{"line":30,"column":41}},"15":{"start":{"line":32,"column":12},"end":{"line":32,"column":48}},"16":{"start":{"line":35,"column":24},"end":{"line":40,"column":7}},"17":{"start":{"line":36,"column":23},"end":{"line":36,"column":61}},"18":{"start":{"line":36,"column":51},"end":{"line":36,"column":60}},"19":{"start":{"line":37,"column":8},"end":{"line":39,"column":9}},"20":{"start":{"line":38,"column":10},"end":{"line":38,"column":45}},"21":{"start":{"line":42,"column":4},"end":{"line":58,"column":6}}},"fnMap":{"0":{"name":"Login","decl":{"start":{"line":7,"column":9},"end":{"line":7,"column":14}},"loc":{"start":{"line":7,"column":17},"end":{"line":59,"column":1}},"line":7},"1":{"name":"(anonymous_1)","decl":{"start":{"line":14,"column":14},"end":{"line":14,"column":15}},"loc":{"start":{"line":14,"column":20},"end":{"line":17,"column":7}},"line":14},"2":{"name":"(anonymous_2)","decl":{"start":{"line":19,"column":24},"end":{"line":19,"column":25}},"loc":{"start":{"line":19,"column":68},"end":{"line":21,"column":5}},"line":19},"3":{"name":"(anonymous_3)","decl":{"start":{"line":23,"column":27},"end":{"line":23,"column":28}},"loc":{"start":{"line":23,"column":71},"end":{"line":25,"column":5}},"line":23},"4":{"name":"(anonymous_4)","decl":{"start":{"line":27,"column":25},"end":{"line":27,"column":26}},"loc":{"start":{"line":27,"column":31},"end":{"line":34,"column":5}},"line":27},"5":{"name":"(anonymous_5)","decl":{"start":{"line":35,"column":24},"end":{"line":35,"column":25}},"loc":{"start":{"line":35,"column":30},"end":{"line":40,"column":7}},"line":35},"6":{"name":"(anonymous_6)","decl":{"start":{"line":36,"column":44},"end":{"line":36,"column":45}},"loc":{"start":{"line":36,"column":51},"end":{"line":36,"column":60}},"line":36}},"branchMap":{"0":{"loc":{"start":{"line":28,"column":8},"end":{"line":33,"column":9}},"type":"if","locations":[{"start":{"line":28,"column":8},"end":{"line":33,"column":9}},{"start":{"line":31,"column":15},"end":{"line":33,"column":9}}],"line":28},"1":{"loc":{"start":{"line":28,"column":12},"end":{"line":28,"column":65}},"type":"binary-expr","locations":[{"start":{"line":28,"column":12},"end":{"line":28,"column":38}},{"start":{"line":28,"column":42},"end":{"line":28,"column":65}}],"line":28},"2":{"loc":{"start":{"line":37,"column":8},"end":{"line":39,"column":9}},"type":"if","locations":[{"start":{"line":37,"column":8},"end":{"line":39,"column":9}},{"start":{},"end":{}}],"line":37}},"s":{"0":0,"1":0,"2":0,"3":0,"4":0,"5":0,"6":0,"7":0,"8":0,"9":0,"10":0,"11":0,"12":0,"13":0,"14":0,"15":0,"16":0,"17":0,"18":0,"19":0,"20":0,"21":0},"f":{"0":0,"1":0,"2":0,"3":0,"4":0,"5":0,"6":0},"b":{"0":[0,0],"1":[0,0],"2":[0,0]}}
,"/Users/jaehyun/Desktop/sp/swpp-hw3-jaejae2374/src/components/logout.tsx": {"path":"/Users/jaehyun/Desktop/sp/swpp-hw3-jaejae2374/src/components/logout.tsx","statementMap":{"0":{"start":{"line":7,"column":21},"end":{"line":7,"column":47}},"1":{"start":{"line":8,"column":21},"end":{"line":8,"column":34}},"2":{"start":{"line":10,"column":26},"end":{"line":13,"column":5}},"3":{"start":{"line":11,"column":8},"end":{"line":11,"column":127}},"4":{"start":{"line":12,"column":8},"end":{"line":12,"column":34}},"5":{"start":{"line":15,"column":4},"end":{"line":19,"column":6}}},"fnMap":{"0":{"name":"Logout","decl":{"start":{"line":6,"column":9},"end":{"line":6,"column":15}},"loc":{"start":{"line":6,"column":18},"end":{"line":20,"column":1}},"line":6},"1":{"name":"(anonymous_1)","decl":{"start":{"line":10,"column":26},"end":{"line":10,"column":27}},"loc":{"start":{"line":10,"column":32},"end":{"line":13,"column":5}},"line":10}},"branchMap":{},"s":{"0":0,"1":0,"2":0,"3":0,"4":0,"5":0},"f":{"0":0,"1":0},"b":{}}
,"/Users/jaehyun/Desktop/sp/swpp-hw3-jaejae2374/src/store/slices/article.ts": {"path":"/Users/jaehyun/Desktop/sp/swpp-hw3-jaejae2374/src/store/slices/article.ts","statementMap":{"0":{"start":{"line":8,"column":35},"end":{"line":12,"column":1}},"1":{"start":{"line":14,"column":28},"end":{"line":54,"column":2}},"2":{"start":{"line":20,"column":27},"end":{"line":20,"column":87}},"3":{"start":{"line":20,"column":54},"end":{"line":20,"column":86}},"4":{"start":{"line":21,"column":12},"end":{"line":21,"column":50}},"5":{"start":{"line":24,"column":28},"end":{"line":26,"column":14}},"6":{"start":{"line":25,"column":16},"end":{"line":25,"column":56}},"7":{"start":{"line":27,"column":12},"end":{"line":27,"column":37}},"8":{"start":{"line":30,"column":31},"end":{"line":35,"column":13}},"9":{"start":{"line":36,"column":12},"end":{"line":36,"column":44}},"10":{"start":{"line":39,"column":27},"end":{"line":39,"column":81}},"11":{"start":{"line":39,"column":54},"end":{"line":39,"column":80}},"12":{"start":{"line":40,"column":12},"end":{"line":43,"column":13}},"13":{"start":{"line":41,"column":16},"end":{"line":41,"column":52}},"14":{"start":{"line":42,"column":16},"end":{"line":42,"column":56}},"15":{"start":{"line":47,"column":8},"end":{"line":49,"column":11}},"16":{"start":{"line":48,"column":12},"end":{"line":48,"column":43}},"17":{"start":{"line":50,"column":8},"end":{"line":52,"column":11}},"18":{"start":{"line":51,"column":12},"end":{"line":51,"column":51}},"19":{"start":{"line":56,"column":30},"end":{"line":56,"column":50}},"20":{"start":{"line":57,"column":29},"end":{"line":57,"column":64}},"21":{"start":{"line":57,"column":51},"end":{"line":57,"column":64}},"22":{"start":{"line":60,"column":29},"end":{"line":66,"column":1}},"23":{"start":{"line":63,"column":25},"end":{"line":63,"column":73}},"24":{"start":{"line":64,"column":8},"end":{"line":64,"column":29}},"25":{"start":{"line":68,"column":27},"end":{"line":74,"column":1}},"26":{"start":{"line":71,"column":25},"end":{"line":71,"column":62}},"27":{"start":{"line":72,"column":8},"end":{"line":72,"column":62}},"28":{"start":{"line":76,"column":29},"end":{"line":82,"column":1}},"29":{"start":{"line":79,"column":8},"end":{"line":79,"column":51}},"30":{"start":{"line":80,"column":8},"end":{"line":80,"column":65}},"31":{"start":{"line":84,"column":27},"end":{"line":90,"column":1}},"32":{"start":{"line":87,"column":25},"end":{"line":87,"column":69}},"33":{"start":{"line":88,"column":8},"end":{"line":88,"column":62}},"34":{"start":{"line":92,"column":28},"end":{"line":98,"column":1}},"35":{"start":{"line":95,"column":25},"end":{"line":95,"column":64}},"36":{"start":{"line":96,"column":8},"end":{"line":96,"column":37}}},"fnMap":{"0":{"name":"(anonymous_0)","decl":{"start":{"line":18,"column":16},"end":{"line":18,"column":17}},"loc":{"start":{"line":18,"column":76},"end":{"line":18,"column":78}},"line":18},"1":{"name":"(anonymous_1)","decl":{"start":{"line":19,"column":20},"end":{"line":19,"column":21}},"loc":{"start":{"line":19,"column":76},"end":{"line":22,"column":9}},"line":19},"2":{"name":"(anonymous_2)","decl":{"start":{"line":20,"column":47},"end":{"line":20,"column":48}},"loc":{"start":{"line":20,"column":54},"end":{"line":20,"column":86}},"line":20},"3":{"name":"(anonymous_3)","decl":{"start":{"line":23,"column":23},"end":{"line":23,"column":24}},"loc":{"start":{"line":23,"column":79},"end":{"line":28,"column":9}},"line":23},"4":{"name":"(anonymous_4)","decl":{"start":{"line":24,"column":50},"end":{"line":24,"column":51}},"loc":{"start":{"line":24,"column":57},"end":{"line":26,"column":13}},"line":24},"5":{"name":"(anonymous_5)","decl":{"start":{"line":29,"column":23},"end":{"line":29,"column":24}},"loc":{"start":{"line":29,"column":124},"end":{"line":37,"column":9}},"line":29},"6":{"name":"(anonymous_6)","decl":{"start":{"line":38,"column":23},"end":{"line":38,"column":24}},"loc":{"start":{"line":38,"column":124},"end":{"line":44,"column":9}},"line":38},"7":{"name":"(anonymous_7)","decl":{"start":{"line":39,"column":47},"end":{"line":39,"column":48}},"loc":{"start":{"line":39,"column":54},"end":{"line":39,"column":80}},"line":39},"8":{"name":"(anonymous_8)","decl":{"start":{"line":46,"column":19},"end":{"line":46,"column":20}},"loc":{"start":{"line":46,"column":32},"end":{"line":53,"column":5}},"line":46},"9":{"name":"(anonymous_9)","decl":{"start":{"line":47,"column":49},"end":{"line":47,"column":50}},"loc":{"start":{"line":47,"column":68},"end":{"line":49,"column":9}},"line":47},"10":{"name":"(anonymous_10)","decl":{"start":{"line":50,"column":48},"end":{"line":50,"column":49}},"loc":{"start":{"line":50,"column":67},"end":{"line":52,"column":9}},"line":50},"11":{"name":"(anonymous_11)","decl":{"start":{"line":57,"column":29},"end":{"line":57,"column":30}},"loc":{"start":{"line":57,"column":51},"end":{"line":57,"column":64}},"line":57},"12":{"name":"(anonymous_12)","decl":{"start":{"line":62,"column":4},"end":{"line":62,"column":5}},"loc":{"start":{"line":62,"column":16},"end":{"line":65,"column":5}},"line":62},"13":{"name":"(anonymous_13)","decl":{"start":{"line":70,"column":4},"end":{"line":70,"column":5}},"loc":{"start":{"line":70,"column":92},"end":{"line":73,"column":5}},"line":70},"14":{"name":"(anonymous_14)","decl":{"start":{"line":78,"column":4},"end":{"line":78,"column":5}},"loc":{"start":{"line":78,"column":51},"end":{"line":81,"column":5}},"line":78},"15":{"name":"(anonymous_15)","decl":{"start":{"line":86,"column":4},"end":{"line":86,"column":5}},"loc":{"start":{"line":86,"column":92},"end":{"line":89,"column":5}},"line":86},"16":{"name":"(anonymous_16)","decl":{"start":{"line":94,"column":4},"end":{"line":94,"column":5}},"loc":{"start":{"line":94,"column":51},"end":{"line":97,"column":5}},"line":94}},"branchMap":{"0":{"loc":{"start":{"line":21,"column":36},"end":{"line":21,"column":50}},"type":"binary-expr","locations":[{"start":{"line":21,"column":36},"end":{"line":21,"column":42}},{"start":{"line":21,"column":46},"end":{"line":21,"column":50}}],"line":21},"1":{"loc":{"start":{"line":40,"column":12},"end":{"line":43,"column":13}},"type":"if","locations":[{"start":{"line":40,"column":12},"end":{"line":43,"column":13}},{"start":{},"end":{}}],"line":40},"2":{"loc":{"start":{"line":96,"column":15},"end":{"line":96,"column":36}},"type":"binary-expr","locations":[{"start":{"line":96,"column":15},"end":{"line":96,"column":28}},{"start":{"line":96,"column":32},"end":{"line":96,"column":36}}],"line":96}},"s":{"0":0,"1":0,"2":0,"3":0,"4":0,"5":0,"6":0,"7":0,"8":0,"9":0,"10":0,"11":0,"12":0,"13":0,"14":0,"15":0,"16":0,"17":0,"18":0,"19":0,"20":0,"21":0,"22":0,"23":0,"24":0,"25":0,"26":0,"27":0,"28":0,"29":0,"30":0,"31":0,"32":0,"33":0,"34":0,"35":0,"36":0},"f":{"0":0,"1":0,"2":0,"3":0,"4":0,"5":0,"6":0,"7":0,"8":0,"9":0,"10":0,"11":0,"12":0,"13":0,"14":0,"15":0,"16":0},"b":{"0":[0,0],"1":[0,0],"2":[0,0]}}
,"/Users/jaehyun/Desktop/sp/swpp-hw3-jaejae2374/src/store/slices/comment.ts": {"path":"/Users/jaehyun/Desktop/sp/swpp-hw3-jaejae2374/src/store/slices/comment.ts","statementMap":{"0":{"start":{"line":8,"column":35},"end":{"line":12,"column":1}},"1":{"start":{"line":14,"column":28},"end":{"line":53,"column":2}},"2":{"start":{"line":20,"column":27},"end":{"line":20,"column":87}},"3":{"start":{"line":20,"column":54},"end":{"line":20,"column":86}},"4":{"start":{"line":21,"column":12},"end":{"line":21,"column":50}},"5":{"start":{"line":24,"column":28},"end":{"line":26,"column":14}},"6":{"start":{"line":25,"column":16},"end":{"line":25,"column":56}},"7":{"start":{"line":27,"column":12},"end":{"line":27,"column":37}},"8":{"start":{"line":30,"column":31},"end":{"line":35,"column":13}},"9":{"start":{"line":36,"column":12},"end":{"line":36,"column":44}},"10":{"start":{"line":39,"column":27},"end":{"line":39,"column":81}},"11":{"start":{"line":39,"column":54},"end":{"line":39,"column":80}},"12":{"start":{"line":40,"column":12},"end":{"line":42,"column":13}},"13":{"start":{"line":41,"column":16},"end":{"line":41,"column":56}},"14":{"start":{"line":46,"column":8},"end":{"line":48,"column":11}},"15":{"start":{"line":47,"column":12},"end":{"line":47,"column":43}},"16":{"start":{"line":49,"column":8},"end":{"line":51,"column":11}},"17":{"start":{"line":50,"column":12},"end":{"line":50,"column":51}},"18":{"start":{"line":55,"column":30},"end":{"line":55,"column":50}},"19":{"start":{"line":56,"column":29},"end":{"line":56,"column":64}},"20":{"start":{"line":56,"column":51},"end":{"line":56,"column":64}},"21":{"start":{"line":59,"column":29},"end":{"line":65,"column":1}},"22":{"start":{"line":62,"column":25},"end":{"line":62,"column":73}},"23":{"start":{"line":63,"column":8},"end":{"line":63,"column":29}},"24":{"start":{"line":67,"column":27},"end":{"line":73,"column":1}},"25":{"start":{"line":70,"column":25},"end":{"line":70,"column":62}},"26":{"start":{"line":71,"column":8},"end":{"line":71,"column":62}},"27":{"start":{"line":75,"column":29},"end":{"line":81,"column":1}},"28":{"start":{"line":78,"column":8},"end":{"line":78,"column":51}},"29":{"start":{"line":79,"column":8},"end":{"line":79,"column":65}},"30":{"start":{"line":83,"column":27},"end":{"line":89,"column":1}},"31":{"start":{"line":86,"column":25},"end":{"line":86,"column":69}},"32":{"start":{"line":87,"column":8},"end":{"line":87,"column":62}},"33":{"start":{"line":91,"column":28},"end":{"line":97,"column":1}},"34":{"start":{"line":94,"column":25},"end":{"line":94,"column":64}},"35":{"start":{"line":95,"column":8},"end":{"line":95,"column":37}}},"fnMap":{"0":{"name":"(anonymous_0)","decl":{"start":{"line":18,"column":16},"end":{"line":18,"column":17}},"loc":{"start":{"line":18,"column":76},"end":{"line":18,"column":78}},"line":18},"1":{"name":"(anonymous_1)","decl":{"start":{"line":19,"column":20},"end":{"line":19,"column":21}},"loc":{"start":{"line":19,"column":76},"end":{"line":22,"column":9}},"line":19},"2":{"name":"(anonymous_2)","decl":{"start":{"line":20,"column":47},"end":{"line":20,"column":48}},"loc":{"start":{"line":20,"column":54},"end":{"line":20,"column":86}},"line":20},"3":{"name":"(anonymous_3)","decl":{"start":{"line":23,"column":23},"end":{"line":23,"column":24}},"loc":{"start":{"line":23,"column":79},"end":{"line":28,"column":9}},"line":23},"4":{"name":"(anonymous_4)","decl":{"start":{"line":24,"column":50},"end":{"line":24,"column":51}},"loc":{"start":{"line":24,"column":57},"end":{"line":26,"column":13}},"line":24},"5":{"name":"(anonymous_5)","decl":{"start":{"line":29,"column":23},"end":{"line":29,"column":24}},"loc":{"start":{"line":29,"column":129},"end":{"line":37,"column":9}},"line":29},"6":{"name":"(anonymous_6)","decl":{"start":{"line":38,"column":23},"end":{"line":38,"column":24}},"loc":{"start":{"line":38,"column":90},"end":{"line":43,"column":9}},"line":38},"7":{"name":"(anonymous_7)","decl":{"start":{"line":39,"column":47},"end":{"line":39,"column":48}},"loc":{"start":{"line":39,"column":54},"end":{"line":39,"column":80}},"line":39},"8":{"name":"(anonymous_8)","decl":{"start":{"line":45,"column":19},"end":{"line":45,"column":20}},"loc":{"start":{"line":45,"column":32},"end":{"line":52,"column":5}},"line":45},"9":{"name":"(anonymous_9)","decl":{"start":{"line":46,"column":49},"end":{"line":46,"column":50}},"loc":{"start":{"line":46,"column":68},"end":{"line":48,"column":9}},"line":46},"10":{"name":"(anonymous_10)","decl":{"start":{"line":49,"column":48},"end":{"line":49,"column":49}},"loc":{"start":{"line":49,"column":67},"end":{"line":51,"column":9}},"line":49},"11":{"name":"(anonymous_11)","decl":{"start":{"line":56,"column":29},"end":{"line":56,"column":30}},"loc":{"start":{"line":56,"column":51},"end":{"line":56,"column":64}},"line":56},"12":{"name":"(anonymous_12)","decl":{"start":{"line":61,"column":4},"end":{"line":61,"column":5}},"loc":{"start":{"line":61,"column":16},"end":{"line":64,"column":5}},"line":61},"13":{"name":"(anonymous_13)","decl":{"start":{"line":69,"column":4},"end":{"line":69,"column":5}},"loc":{"start":{"line":69,"column":97},"end":{"line":72,"column":5}},"line":69},"14":{"name":"(anonymous_14)","decl":{"start":{"line":77,"column":4},"end":{"line":77,"column":5}},"loc":{"start":{"line":77,"column":51},"end":{"line":80,"column":5}},"line":77},"15":{"name":"(anonymous_15)","decl":{"start":{"line":85,"column":4},"end":{"line":85,"column":5}},"loc":{"start":{"line":85,"column":69},"end":{"line":88,"column":5}},"line":85},"16":{"name":"(anonymous_16)","decl":{"start":{"line":93,"column":4},"end":{"line":93,"column":5}},"loc":{"start":{"line":93,"column":51},"end":{"line":96,"column":5}},"line":93}},"branchMap":{"0":{"loc":{"start":{"line":21,"column":36},"end":{"line":21,"column":50}},"type":"binary-expr","locations":[{"start":{"line":21,"column":36},"end":{"line":21,"column":42}},{"start":{"line":21,"column":46},"end":{"line":21,"column":50}}],"line":21},"1":{"loc":{"start":{"line":40,"column":12},"end":{"line":42,"column":13}},"type":"if","locations":[{"start":{"line":40,"column":12},"end":{"line":42,"column":13}},{"start":{},"end":{}}],"line":40},"2":{"loc":{"start":{"line":95,"column":15},"end":{"line":95,"column":36}},"type":"binary-expr","locations":[{"start":{"line":95,"column":15},"end":{"line":95,"column":28}},{"start":{"line":95,"column":32},"end":{"line":95,"column":36}}],"line":95}},"s":{"0":0,"1":0,"2":0,"3":0,"4":0,"5":0,"6":0,"7":0,"8":0,"9":0,"10":0,"11":0,"12":0,"13":0,"14":0,"15":0,"16":0,"17":0,"18":0,"19":0,"20":0,"21":0,"22":0,"23":0,"24":0,"25":0,"26":0,"27":0,"28":0,"29":0,"30":0,"31":0,"32":0,"33":0,"34":0,"35":0},"f":{"0":0,"1":0,"2":0,"3":0,"4":0,"5":0,"6":0,"7":0,"8":0,"9":0,"10":0,"11":0,"12":0,"13":0,"14":0,"15":0,"16":0},"b":{"0":[0,0],"1":[0,0],"2":[0,0]}}
,"/Users/jaehyun/Desktop/sp/swpp-hw3-jaejae2374/src/store/slices/user.ts": {"path":"/Users/jaehyun/Desktop/sp/swpp-hw3-jaejae2374/src/store/slices/user.ts","statementMap":{"0":{"start":{"line":8,"column":32},"end":{"line":12,"column":1}},"1":{"start":{"line":14,"column":25},"end":{"line":43,"column":2}},"2":{"start":{"line":20,"column":27},"end":{"line":20,"column":84}},"3":{"start":{"line":20,"column":51},"end":{"line":20,"column":83}},"4":{"start":{"line":21,"column":12},"end":{"line":21,"column":47}},"5":{"start":{"line":25,"column":25},"end":{"line":25,"column":76}},"6":{"start":{"line":25,"column":49},"end":{"line":25,"column":75}},"7":{"start":{"line":26,"column":12},"end":{"line":32,"column":14}},"8":{"start":{"line":36,"column":8},"end":{"line":38,"column":11}},"9":{"start":{"line":37,"column":12},"end":{"line":37,"column":40}},"10":{"start":{"line":39,"column":8},"end":{"line":41,"column":11}},"11":{"start":{"line":40,"column":12},"end":{"line":40,"column":48}},"12":{"start":{"line":45,"column":27},"end":{"line":45,"column":44}},"13":{"start":{"line":46,"column":26},"end":{"line":46,"column":58}},"14":{"start":{"line":46,"column":48},"end":{"line":46,"column":58}},"15":{"start":{"line":49,"column":26},"end":{"line":55,"column":1}},"16":{"start":{"line":52,"column":25},"end":{"line":52,"column":66}},"17":{"start":{"line":53,"column":8},"end":{"line":53,"column":29}},"18":{"start":{"line":57,"column":25},"end":{"line":63,"column":1}},"19":{"start":{"line":60,"column":25},"end":{"line":60,"column":60}},"20":{"start":{"line":61,"column":8},"end":{"line":61,"column":37}},"21":{"start":{"line":65,"column":27},"end":{"line":71,"column":1}},"22":{"start":{"line":68,"column":25},"end":{"line":68,"column":65}},"23":{"start":{"line":69,"column":8},"end":{"line":69,"column":45}}},"fnMap":{"0":{"name":"(anonymous_0)","decl":{"start":{"line":19,"column":17},"end":{"line":19,"column":18}},"loc":{"start":{"line":19,"column":73},"end":{"line":22,"column":9}},"line":19},"1":{"name":"(anonymous_1)","decl":{"start":{"line":20,"column":44},"end":{"line":20,"column":45}},"loc":{"start":{"line":20,"column":51},"end":{"line":20,"column":83}},"line":20},"2":{"name":"(anonymous_2)","decl":{"start":{"line":24,"column":21},"end":{"line":24,"column":22}},"loc":{"start":{"line":24,"column":138},"end":{"line":33,"column":9}},"line":24},"3":{"name":"(anonymous_3)","decl":{"start":{"line":25,"column":42},"end":{"line":25,"column":43}},"loc":{"start":{"line":25,"column":49},"end":{"line":25,"column":75}},"line":25},"4":{"name":"(anonymous_4)","decl":{"start":{"line":35,"column":19},"end":{"line":35,"column":20}},"loc":{"start":{"line":35,"column":32},"end":{"line":42,"column":5}},"line":35},"5":{"name":"(anonymous_5)","decl":{"start":{"line":36,"column":46},"end":{"line":36,"column":47}},"loc":{"start":{"line":36,"column":65},"end":{"line":38,"column":9}},"line":36},"6":{"name":"(anonymous_6)","decl":{"start":{"line":39,"column":45},"end":{"line":39,"column":46}},"loc":{"start":{"line":39,"column":64},"end":{"line":41,"column":9}},"line":39},"7":{"name":"(anonymous_7)","decl":{"start":{"line":46,"column":26},"end":{"line":46,"column":27}},"loc":{"start":{"line":46,"column":48},"end":{"line":46,"column":58}},"line":46},"8":{"name":"(anonymous_8)","decl":{"start":{"line":51,"column":4},"end":{"line":51,"column":5}},"loc":{"start":{"line":51,"column":16},"end":{"line":54,"column":5}},"line":51},"9":{"name":"(anonymous_9)","decl":{"start":{"line":59,"column":4},"end":{"line":59,"column":5}},"loc":{"start":{"line":59,"column":48},"end":{"line":62,"column":5}},"line":59},"10":{"name":"(anonymous_10)","decl":{"start":{"line":67,"column":4},"end":{"line":67,"column":5}},"loc":{"start":{"line":67,"column":99},"end":{"line":70,"column":5}},"line":67}},"branchMap":{"0":{"loc":{"start":{"line":21,"column":33},"end":{"line":21,"column":47}},"type":"binary-expr","locations":[{"start":{"line":21,"column":33},"end":{"line":21,"column":39}},{"start":{"line":21,"column":43},"end":{"line":21,"column":47}}],"line":21},"1":{"loc":{"start":{"line":61,"column":15},"end":{"line":61,"column":36}},"type":"binary-expr","locations":[{"start":{"line":61,"column":15},"end":{"line":61,"column":28}},{"start":{"line":61,"column":32},"end":{"line":61,"column":36}}],"line":61}},"s":{"0":0,"1":0,"2":0,"3":0,"4":0,"5":0,"6":0,"7":0,"8":0,"9":0,"10":0,"11":0,"12":0,"13":0,"14":0,"15":0,"16":0,"17":0,"18":0,"19":0,"20":0,"21":0,"22":0,"23":0},"f":{"0":0,"1":0,"2":0,"3":0,"4":0,"5":0,"6":0,"7":0,"8":0,"9":0,"10":0},"b":{"0":[0,0],"1":[0,0]}}
}
